[2023-03-02 05:10:52,253: INFO/MainProcess] Connected to redis://redis:6379/0
[2023-03-02 05:10:52,260: INFO/MainProcess] mingle: searching for neighbors
[2023-03-02 05:10:53,273: INFO/MainProcess] mingle: all alone
[2023-03-02 05:10:53,283: INFO/MainProcess] celery@7032c848596b ready.
[2023-03-02 05:11:13,873: INFO/MainProcess] Received task: create_task[ba8a7bd2-3a47-478e-bfbf-ecd751375ca7]  
[2023-03-02 05:11:33,902: INFO/ForkPoolWorker-15] Task create_task[ba8a7bd2-3a47-478e-bfbf-ecd751375ca7] succeeded in 20.027680719000273s: True
[2023-03-02 05:12:41,405: INFO/MainProcess] Connected to redis://redis:6379/0
[2023-03-02 05:12:41,412: INFO/MainProcess] mingle: searching for neighbors
[2023-03-02 05:12:42,425: INFO/MainProcess] mingle: all alone
[2023-03-02 05:12:42,434: INFO/MainProcess] celery@ba22d3381703 ready.
[2023-03-02 05:12:47,105: INFO/MainProcess] Events of group {task} enabled by remote.
[2023-03-02 05:13:25,766: INFO/MainProcess] Connected to redis://redis:6379/0
[2023-03-02 05:13:25,773: INFO/MainProcess] mingle: searching for neighbors
[2023-03-02 05:13:26,786: INFO/MainProcess] mingle: all alone
[2023-03-02 05:13:26,793: INFO/MainProcess] celery@1bcd7a02da7e ready.
[2023-03-02 05:13:31,453: INFO/MainProcess] Events of group {task} enabled by remote.
[2023-03-02 05:13:33,493: INFO/MainProcess] Received task: create_task[f2bb372c-1997-4a15-a48f-cdd46261ae42]  
[2023-03-02 05:13:53,520: INFO/ForkPoolWorker-15] Task create_task[f2bb372c-1997-4a15-a48f-cdd46261ae42] succeeded in 20.023726448999696s: True
[2023-03-02 05:14:21,085: INFO/MainProcess] Received task: create_task[e16118d1-b2e1-47a6-b51e-69c5584985aa]  
[2023-03-02 05:14:24,639: INFO/MainProcess] Received task: create_task[1f533b78-72a9-4429-a26c-4f3ebe308525]  
[2023-03-02 05:14:26,460: INFO/MainProcess] Received task: create_task[aec42947-dc81-455b-a86a-57e9206898fe]  
[2023-03-02 05:14:28,392: INFO/MainProcess] Received task: create_task[759179d8-659d-4c0e-bb08-688788fe47f8]  
[2023-03-02 05:14:31,099: INFO/ForkPoolWorker-15] Task create_task[e16118d1-b2e1-47a6-b51e-69c5584985aa] succeeded in 10.011080083999332s: True
[2023-03-02 05:14:44,666: INFO/ForkPoolWorker-16] Task create_task[1f533b78-72a9-4429-a26c-4f3ebe308525] succeeded in 20.023788102000253s: True
[2023-03-02 05:14:56,494: INFO/ForkPoolWorker-1] Task create_task[aec42947-dc81-455b-a86a-57e9206898fe] succeeded in 30.031892847000563s: True
[2023-03-02 05:15:08,438: INFO/ForkPoolWorker-2] Task create_task[759179d8-659d-4c0e-bb08-688788fe47f8] succeeded in 40.04348214499987s: True
[2023-03-02 05:15:36,843: INFO/MainProcess] Connected to redis://redis:6379/0
[2023-03-02 05:15:36,850: INFO/MainProcess] mingle: searching for neighbors
[2023-03-02 05:15:37,863: INFO/MainProcess] mingle: all alone
[2023-03-02 05:15:37,872: INFO/MainProcess] celery@72505f56bd1f ready.
[2023-03-02 05:15:37,894: INFO/MainProcess] Connected to redis://redis:6379/0
[2023-03-02 05:15:37,900: INFO/MainProcess] mingle: searching for neighbors
[2023-03-02 05:15:37,911: INFO/MainProcess] sync with celery@a5b6ec7e6436
[2023-03-02 05:15:38,872: INFO/MainProcess] Connected to redis://redis:6379/0
[2023-03-02 05:15:38,880: INFO/MainProcess] mingle: searching for neighbors
[2023-03-02 05:15:38,891: INFO/MainProcess] sync with celery@4c91a5896289
[2023-03-02 05:15:38,915: INFO/MainProcess] mingle: sync with 1 nodes
[2023-03-02 05:15:38,916: INFO/MainProcess] mingle: sync complete
[2023-03-02 05:15:38,924: INFO/MainProcess] celery@a5b6ec7e6436 ready.
[2023-03-02 05:15:39,896: INFO/MainProcess] mingle: sync with 1 nodes
[2023-03-02 05:15:39,898: INFO/MainProcess] mingle: sync complete
[2023-03-02 05:15:39,906: INFO/MainProcess] celery@4c91a5896289 ready.
[2023-03-02 05:15:44,620: INFO/MainProcess] Events of group {task} enabled by remote.
[2023-03-02 05:15:44,620: INFO/MainProcess] Events of group {task} enabled by remote.
[2023-03-02 05:15:44,620: INFO/MainProcess] Events of group {task} enabled by remote.
[2023-03-02 05:20:12,913: INFO/MainProcess] Received task: create_task[48700cb4-3659-4f85-9213-7a9407989aab]  
[2023-03-02 05:20:31,172: INFO/MainProcess] Received task: create_task[2c4dd2e1-fdda-453e-b2a6-183facc4d13a]  
[2023-03-02 05:20:33,374: INFO/MainProcess] Received task: create_task[8ce2cf03-f1c6-4e04-bda8-551b5bafa320]  
[2023-03-02 05:20:36,707: INFO/MainProcess] Received task: create_task[9b3d65b1-fe7f-41b8-a8cf-2cdf4291ee83]  
[2023-03-02 05:20:38,833: INFO/MainProcess] Received task: create_task[03ecebc2-b8db-4ffc-aa3c-23e5254d7586]  
[2023-03-02 05:20:42,945: INFO/ForkPoolWorker-15] Task create_task[48700cb4-3659-4f85-9213-7a9407989aab] succeeded in 30.027945654999712s: True
[2023-03-02 05:20:43,392: INFO/ForkPoolWorker-15] Task create_task[8ce2cf03-f1c6-4e04-bda8-551b5bafa320] succeeded in 10.014098837999882s: True
[2023-03-02 05:20:56,736: INFO/ForkPoolWorker-16] Task create_task[9b3d65b1-fe7f-41b8-a8cf-2cdf4291ee83] succeeded in 20.02506776500013s: True
[2023-03-02 05:21:11,222: INFO/ForkPoolWorker-15] Task create_task[2c4dd2e1-fdda-453e-b2a6-183facc4d13a] succeeded in 40.04645332400014s: True
[2023-03-02 05:24:18,940: INFO/ForkPoolWorker-16] Task create_task[03ecebc2-b8db-4ffc-aa3c-23e5254d7586] succeeded in 220.10425238900007s: True
[2023-03-02 05:28:26,953: INFO/MainProcess] Received task: create_task[80a93031-7e35-4f5d-a821-7d6326327356]  
[2023-03-02 05:28:36,968: INFO/ForkPoolWorker-15] Task create_task[80a93031-7e35-4f5d-a821-7d6326327356] succeeded in 10.011487177000163s: True
[2023-03-02 05:29:50,111: INFO/MainProcess] Received task: create_task[8dfa976a-a4fd-4e12-979f-d3f05b7bd994]  
[2023-03-02 05:30:00,125: INFO/ForkPoolWorker-15] Task create_task[8dfa976a-a4fd-4e12-979f-d3f05b7bd994] succeeded in 10.011503916999573s: True
[2023-03-02 05:30:17,207: INFO/MainProcess] Received task: create_task[f760439a-7e49-45e9-a84c-5a31812897d2]  
[2023-03-02 05:30:27,221: INFO/ForkPoolWorker-15] Task create_task[f760439a-7e49-45e9-a84c-5a31812897d2] succeeded in 10.011129154000628s: True
[2023-03-02 08:36:01,746: INFO/MainProcess] missed heartbeat from celery@a5b6ec7e6436
[2023-03-12 15:08:18,918: INFO/MainProcess] Connected to redis://redis:6379/0
[2023-03-12 15:08:18,924: INFO/MainProcess] mingle: searching for neighbors
[2023-03-12 15:08:19,938: INFO/MainProcess] mingle: all alone
[2023-03-12 15:08:19,946: INFO/MainProcess] celery@bb668fdb6540 ready.
[2023-03-12 15:08:23,531: INFO/MainProcess] Events of group {task} enabled by remote.
[2023-03-12 15:09:35,015: INFO/MainProcess] Connected to redis://redis:6379/0
[2023-03-12 15:09:35,021: INFO/MainProcess] mingle: searching for neighbors
[2023-03-12 15:09:36,034: INFO/MainProcess] mingle: all alone
[2023-03-12 15:09:36,043: INFO/MainProcess] celery@13b2f85e6c7d ready.
[2023-03-12 15:09:39,559: INFO/MainProcess] Events of group {task} enabled by remote.
[2023-03-12 15:11:14,553: INFO/MainProcess] Connected to redis://redis:6379/0
[2023-03-12 15:11:14,559: INFO/MainProcess] mingle: searching for neighbors
[2023-03-12 15:11:15,572: INFO/MainProcess] mingle: all alone
[2023-03-12 15:11:15,581: INFO/MainProcess] celery@f3f829250fd8 ready.
[2023-03-12 15:11:19,531: INFO/MainProcess] Events of group {task} enabled by remote.
[2023-03-12 15:12:21,991: INFO/MainProcess] Connected to redis://redis:6379/0
[2023-03-12 15:12:21,998: INFO/MainProcess] mingle: searching for neighbors
[2023-03-12 15:12:23,012: INFO/MainProcess] mingle: all alone
[2023-03-12 15:12:23,022: INFO/MainProcess] celery@8db81b4b7fd6 ready.
[2023-03-12 15:12:26,701: INFO/MainProcess] Events of group {task} enabled by remote.
[2023-03-12 15:21:07,450: INFO/MainProcess] Connected to redis://redis:6379/0
[2023-03-12 15:21:07,456: INFO/MainProcess] mingle: searching for neighbors
[2023-03-12 15:21:08,469: INFO/MainProcess] mingle: all alone
[2023-03-12 15:21:08,479: INFO/MainProcess] celery@3e05a32af2e9 ready.
[2023-03-12 15:21:12,324: INFO/MainProcess] Events of group {task} enabled by remote.
[2023-03-12 15:22:57,804: INFO/MainProcess] Connected to redis://redis:6379/0
[2023-03-12 15:22:57,810: INFO/MainProcess] mingle: searching for neighbors
[2023-03-12 15:22:58,823: INFO/MainProcess] mingle: all alone
[2023-03-12 15:22:58,832: INFO/MainProcess] celery@9787f9c59216 ready.
[2023-03-12 15:23:02,439: INFO/MainProcess] Events of group {task} enabled by remote.
[2023-03-12 15:23:05,422: INFO/MainProcess] Received task: create_task[11b308c8-f4a5-4a2d-a450-4455399a796b]  
[2023-03-12 15:23:15,440: INFO/ForkPoolWorker-15] Task create_task[11b308c8-f4a5-4a2d-a450-4455399a796b] succeeded in 10.014564709003025s: True
[2023-03-12 15:25:00,286: INFO/MainProcess] Received task: create_task[75923c89-495d-49bb-92c1-4df957daa502]  
[2023-03-12 15:25:10,302: INFO/ForkPoolWorker-15] Task create_task[75923c89-495d-49bb-92c1-4df957daa502] succeeded in 10.011334836999595s: True
[2023-03-13 10:14:04,739: INFO/MainProcess] Connected to redis://redis:6379/0
[2023-03-13 10:14:04,745: INFO/MainProcess] mingle: searching for neighbors
[2023-03-13 10:14:05,758: INFO/MainProcess] mingle: all alone
[2023-03-13 10:14:05,767: INFO/MainProcess] celery@a39425780d53 ready.
[2023-03-13 10:14:09,308: INFO/MainProcess] Events of group {task} enabled by remote.
[2023-03-13 10:29:16,886: INFO/MainProcess] Connected to redis://redis:6379/0
[2023-03-13 10:29:16,892: INFO/MainProcess] mingle: searching for neighbors
[2023-03-13 10:29:17,908: INFO/MainProcess] mingle: all alone
[2023-03-13 10:29:17,917: INFO/MainProcess] celery@94216d886f10 ready.
[2023-03-13 10:29:21,566: INFO/MainProcess] Events of group {task} enabled by remote.
[2023-03-13 11:19:42,474: INFO/MainProcess] Received task: create_task[6fae4908-0b1c-4256-95e6-1fd714c89be6]  
[2023-03-13 11:19:52,516: INFO/ForkPoolWorker-15] Task create_task[6fae4908-0b1c-4256-95e6-1fd714c89be6] succeeded in 10.024209696999606s: True
[2023-03-14 08:33:40,606: INFO/MainProcess] Connected to redis://redis:6379/0
[2023-03-14 08:33:40,614: INFO/MainProcess] mingle: searching for neighbors
[2023-03-14 08:33:41,629: INFO/MainProcess] mingle: all alone
[2023-03-14 08:33:41,638: INFO/MainProcess] celery@1c54cfb48e96 ready.
[2023-03-14 08:33:45,279: INFO/MainProcess] Events of group {task} enabled by remote.
[2023-03-14 09:17:19,841: INFO/MainProcess] Connected to redis://redis:6379/0
[2023-03-14 09:17:19,846: INFO/MainProcess] mingle: searching for neighbors
[2023-03-14 09:17:20,862: INFO/MainProcess] mingle: all alone
[2023-03-14 09:17:20,875: INFO/MainProcess] celery@6baa40ddfecb ready.
[2023-03-14 09:17:24,404: INFO/MainProcess] Events of group {task} enabled by remote.
[2023-03-14 09:17:28,770: INFO/MainProcess] Received task: create_task[a23e7d9c-3fa5-4243-8411-3c26b01d460e]  
[2023-03-14 09:17:38,790: INFO/ForkPoolWorker-15] Task create_task[a23e7d9c-3fa5-4243-8411-3c26b01d460e] succeeded in 10.017468766000093s: True
[2023-03-14 09:39:09,987: ERROR/MainProcess] consumer: Cannot connect to redis://redis:6379/0: Error -2 connecting to redis:6379. Name or service not known..
Trying again in 2.00 seconds... (1/100)

[2023-03-14 09:39:14,521: ERROR/MainProcess] consumer: Cannot connect to redis://redis:6379/0: Error -2 connecting to redis:6379. Name or service not known..
Trying again in 4.00 seconds... (2/100)

[2023-03-14 09:39:28,537: ERROR/MainProcess] consumer: Cannot connect to redis://redis:6379/0: Error -3 connecting to redis:6379. Temporary failure in name resolution..
Trying again in 6.00 seconds... (3/100)

[2023-03-14 09:39:44,553: ERROR/MainProcess] consumer: Cannot connect to redis://redis:6379/0: Error -3 connecting to redis:6379. Temporary failure in name resolution..
Trying again in 8.00 seconds... (4/100)

[2023-03-14 09:40:02,580: ERROR/MainProcess] consumer: Cannot connect to redis://redis:6379/0: Error -3 connecting to redis:6379. Temporary failure in name resolution..
Trying again in 10.00 seconds... (5/100)

[2023-03-14 09:40:22,607: ERROR/MainProcess] consumer: Cannot connect to redis://redis:6379/0: Error -3 connecting to redis:6379. Temporary failure in name resolution..
Trying again in 12.00 seconds... (6/100)

[2023-03-14 09:41:21,256: ERROR/MainProcess] consumer: Cannot connect to redis://redis:6379/0: Error -2 connecting to redis:6379. Name or service not known..
Trying again in 2.00 seconds... (1/100)

[2023-03-14 09:41:25,770: ERROR/MainProcess] consumer: Cannot connect to redis://redis:6379/0: Error -2 connecting to redis:6379. Name or service not known..
Trying again in 4.00 seconds... (2/100)

[2023-03-14 09:41:39,788: ERROR/MainProcess] consumer: Cannot connect to redis://redis:6379/0: Error -3 connecting to redis:6379. Temporary failure in name resolution..
Trying again in 6.00 seconds... (3/100)

[2023-03-14 09:41:55,808: ERROR/MainProcess] consumer: Cannot connect to redis://redis:6379/0: Error -3 connecting to redis:6379. Temporary failure in name resolution..
Trying again in 8.00 seconds... (4/100)

[2023-03-14 09:42:13,827: ERROR/MainProcess] consumer: Cannot connect to redis://redis:6379/0: Error -3 connecting to redis:6379. Temporary failure in name resolution..
Trying again in 10.00 seconds... (5/100)

[2023-03-14 09:42:26,365: ERROR/MainProcess] consumer: Cannot connect to redis://redis:6379/0: Error -2 connecting to redis:6379. Name or service not known..
Trying again in 12.00 seconds... (6/100)

[2023-03-14 09:42:48,391: ERROR/MainProcess] consumer: Cannot connect to redis://redis:6379/0: Error -3 connecting to redis:6379. Temporary failure in name resolution..
Trying again in 14.00 seconds... (7/100)

[2023-03-14 09:43:12,420: ERROR/MainProcess] consumer: Cannot connect to redis://redis:6379/0: Error -3 connecting to redis:6379. Temporary failure in name resolution..
Trying again in 16.00 seconds... (8/100)

[2023-03-14 09:43:38,452: ERROR/MainProcess] consumer: Cannot connect to redis://redis:6379/0: Error -3 connecting to redis:6379. Temporary failure in name resolution..
Trying again in 18.00 seconds... (9/100)

[2023-03-14 09:43:58,974: ERROR/MainProcess] consumer: Cannot connect to redis://redis:6379/0: Error -2 connecting to redis:6379. Name or service not known..
Trying again in 20.00 seconds... (10/100)

[2023-03-14 09:44:29,010: ERROR/MainProcess] consumer: Cannot connect to redis://redis:6379/0: Error -3 connecting to redis:6379. Temporary failure in name resolution..
Trying again in 22.00 seconds... (11/100)

[2023-03-14 09:45:01,046: ERROR/MainProcess] consumer: Cannot connect to redis://redis:6379/0: Error -3 connecting to redis:6379. Temporary failure in name resolution..
Trying again in 24.00 seconds... (12/100)

[2023-03-14 09:46:02,445: ERROR/MainProcess] consumer: Cannot connect to redis://redis:6379/0: Authentication required..
Trying again in 2.00 seconds... (1/100)

[2023-03-14 09:46:04,451: ERROR/MainProcess] consumer: Cannot connect to redis://redis:6379/0: Authentication required..
Trying again in 4.00 seconds... (2/100)

[2023-03-14 09:46:08,462: ERROR/MainProcess] consumer: Cannot connect to redis://redis:6379/0: Authentication required..
Trying again in 6.00 seconds... (3/100)

[2023-03-14 09:46:14,475: ERROR/MainProcess] consumer: Cannot connect to redis://redis:6379/0: Authentication required..
Trying again in 8.00 seconds... (4/100)

[2023-03-14 09:46:22,492: ERROR/MainProcess] consumer: Cannot connect to redis://redis:6379/0: Authentication required..
Trying again in 10.00 seconds... (5/100)

[2023-03-14 09:46:32,511: ERROR/MainProcess] consumer: Cannot connect to redis://redis:6379/0: Authentication required..
Trying again in 12.00 seconds... (6/100)

[2023-03-14 09:46:44,529: ERROR/MainProcess] consumer: Cannot connect to redis://redis:6379/0: Authentication required..
Trying again in 14.00 seconds... (7/100)

[2023-03-14 09:46:58,548: ERROR/MainProcess] consumer: Cannot connect to redis://redis:6379/0: Authentication required..
Trying again in 16.00 seconds... (8/100)

[2023-03-14 09:47:14,571: ERROR/MainProcess] consumer: Cannot connect to redis://redis:6379/0: Authentication required..
Trying again in 18.00 seconds... (9/100)

[2023-03-14 09:47:32,594: ERROR/MainProcess] consumer: Cannot connect to redis://redis:6379/0: Authentication required..
Trying again in 20.00 seconds... (10/100)

[2023-03-14 09:47:52,624: ERROR/MainProcess] consumer: Cannot connect to redis://redis:6379/0: Authentication required..
Trying again in 22.00 seconds... (11/100)

[2023-03-14 09:48:14,656: ERROR/MainProcess] consumer: Cannot connect to redis://redis:6379/0: Authentication required..
Trying again in 24.00 seconds... (12/100)

[2023-03-14 09:48:38,689: ERROR/MainProcess] consumer: Cannot connect to redis://redis:6379/0: Authentication required..
Trying again in 26.00 seconds... (13/100)

[2023-03-14 09:49:04,726: ERROR/MainProcess] consumer: Cannot connect to redis://redis:6379/0: Authentication required..
Trying again in 28.00 seconds... (14/100)

[2023-03-14 09:51:18,727: ERROR/MainProcess] consumer: Cannot connect to redis://redis:6379/0: Error 113 connecting to redis:6379. No route to host..
Trying again in 2.00 seconds... (1/100)

[2023-03-14 09:51:30,742: ERROR/MainProcess] consumer: Cannot connect to redis://redis:6379/0: Error -3 connecting to redis:6379. Temporary failure in name resolution..
Trying again in 4.00 seconds... (2/100)

[2023-03-14 09:51:44,757: ERROR/MainProcess] consumer: Cannot connect to redis://redis:6379/0: Error -3 connecting to redis:6379. Temporary failure in name resolution..
Trying again in 6.00 seconds... (3/100)

[2023-03-14 09:53:49,020: INFO/MainProcess] Connected to redis://:**@redis:6379/0
[2023-03-14 09:53:49,026: INFO/MainProcess] mingle: searching for neighbors
[2023-03-14 09:53:50,040: INFO/MainProcess] mingle: all alone
[2023-03-14 09:53:50,050: INFO/MainProcess] celery@4f102b1c2bf0 ready.
[2023-03-14 09:53:53,650: INFO/MainProcess] Events of group {task} enabled by remote.
[2023-03-14 09:53:59,984: INFO/MainProcess] Received task: create_task[b1218cd6-daf2-45cd-84af-295c40fd4b86]  
[2023-03-14 09:54:10,005: INFO/ForkPoolWorker-15] Task create_task[b1218cd6-daf2-45cd-84af-295c40fd4b86] succeeded in 10.018031487999906s: True
[2023-03-14 10:14:44,391: INFO/MainProcess] Connected to redis://:**@redis:6379/0
[2023-03-14 10:14:44,397: INFO/MainProcess] mingle: searching for neighbors
[2023-03-14 10:14:45,410: INFO/MainProcess] mingle: all alone
[2023-03-14 10:14:45,421: INFO/MainProcess] celery@b85c208490b4 ready.
[2023-03-14 10:14:49,112: INFO/MainProcess] Events of group {task} enabled by remote.
[2023-03-14 10:51:11,882: INFO/MainProcess] Connected to redis://:**@redis:6379/0
[2023-03-14 10:51:11,892: INFO/MainProcess] mingle: searching for neighbors
[2023-03-14 10:51:12,910: INFO/MainProcess] mingle: all alone
[2023-03-14 10:51:12,918: INFO/MainProcess] celery@a4277bf27c23 ready.
[2023-03-14 10:51:16,520: INFO/MainProcess] Events of group {task} enabled by remote.
[2023-03-14 10:59:16,966: INFO/MainProcess] Connected to redis://:**@redis:6379/0
[2023-03-14 10:59:16,972: INFO/MainProcess] mingle: searching for neighbors
[2023-03-14 10:59:17,985: INFO/MainProcess] mingle: all alone
[2023-03-14 10:59:17,996: INFO/MainProcess] celery@b116998d2254 ready.
[2023-03-14 10:59:21,632: INFO/MainProcess] Events of group {task} enabled by remote.
[2023-03-14 10:59:23,583: INFO/MainProcess] Received task: create_task[06f0ea39-3a20-46dd-987e-e0dba068c5f1]  
[2023-03-14 10:59:33,600: INFO/ForkPoolWorker-15] Task create_task[06f0ea39-3a20-46dd-987e-e0dba068c5f1] succeeded in 10.013201081997977s: True
